13:16:22.730 [main] INFO  com.dayone.Application - Starting Application using Java 11.0.19 on DESKTOP-TPAOLKI with PID 17692 (C:\Users\Kim Munjin\Desktop\zerobase\Spring Framework Practice\dividend\build\classes\java\main started by Kim Munjin in C:\Users\Kim Munjin\Desktop\zerobase\Spring Framework Practice\dividend)
13:16:22.731 [main] INFO  com.dayone.Application - No active profile set, falling back to default profiles: default
13:16:23.111 [main] INFO  o.s.d.r.c.RepositoryConfigurationDelegate - Multiple Spring Data modules found, entering strict repository configuration mode!
13:16:23.111 [main] INFO  o.s.d.r.c.RepositoryConfigurationDelegate - Bootstrapping Spring Data JPA repositories in DEFAULT mode.
13:16:23.156 [main] INFO  o.s.d.r.c.RepositoryConfigurationDelegate - Finished Spring Data repository scanning in 41 ms. Found 3 JPA repository interfaces.
13:16:23.171 [main] INFO  o.s.d.r.c.RepositoryConfigurationDelegate - Multiple Spring Data modules found, entering strict repository configuration mode!
13:16:23.171 [main] INFO  o.s.d.r.c.RepositoryConfigurationDelegate - Bootstrapping Spring Data Redis repositories in DEFAULT mode.
13:16:23.179 [main] INFO  o.s.d.r.c.RepositoryConfigurationExtensionSupport - Spring Data Redis - Could not safely identify store assignment for repository candidate interface com.dayone.persist.CompanyRepository. If you want this repository to be a Redis repository, consider annotating your entities with one of these annotations: org.springframework.data.redis.core.RedisHash (preferred), or consider extending one of the following types with your repository: org.springframework.data.keyvalue.repository.KeyValueRepository.
13:16:23.179 [main] INFO  o.s.d.r.c.RepositoryConfigurationExtensionSupport - Spring Data Redis - Could not safely identify store assignment for repository candidate interface com.dayone.persist.DividendRepository. If you want this repository to be a Redis repository, consider annotating your entities with one of these annotations: org.springframework.data.redis.core.RedisHash (preferred), or consider extending one of the following types with your repository: org.springframework.data.keyvalue.repository.KeyValueRepository.
13:16:23.180 [main] INFO  o.s.d.r.c.RepositoryConfigurationExtensionSupport - Spring Data Redis - Could not safely identify store assignment for repository candidate interface com.dayone.persist.MemberRepository. If you want this repository to be a Redis repository, consider annotating your entities with one of these annotations: org.springframework.data.redis.core.RedisHash (preferred), or consider extending one of the following types with your repository: org.springframework.data.keyvalue.repository.KeyValueRepository.
13:16:23.180 [main] INFO  o.s.d.r.c.RepositoryConfigurationDelegate - Finished Spring Data repository scanning in 4 ms. Found 0 Redis repository interfaces.
13:16:23.333 [main] INFO  o.s.c.s.PostProcessorRegistrationDelegate$BeanPostProcessorChecker - Bean 'org.springframework.security.access.expression.method.DefaultMethodSecurityExpressionHandler@21eee94f' of type [org.springframework.security.access.expression.method.DefaultMethodSecurityExpressionHandler] is not eligible for getting processed by all BeanPostProcessors (for example: not eligible for auto-proxying)
13:16:23.335 [main] INFO  o.s.c.s.PostProcessorRegistrationDelegate$BeanPostProcessorChecker - Bean 'methodSecurityMetadataSource' of type [org.springframework.security.access.method.DelegatingMethodSecurityMetadataSource] is not eligible for getting processed by all BeanPostProcessors (for example: not eligible for auto-proxying)
13:16:23.494 [main] INFO  o.s.b.w.e.tomcat.TomcatWebServer - Tomcat initialized with port(s): 8080 (http)
13:16:23.499 [main] INFO  o.a.coyote.http11.Http11NioProtocol - Initializing ProtocolHandler ["http-nio-8080"]
13:16:23.500 [main] INFO  o.a.catalina.core.StandardService - Starting service [Tomcat]
13:16:23.500 [main] INFO  o.a.catalina.core.StandardEngine - Starting Servlet engine: [Apache Tomcat/9.0.54]
13:16:23.546 [main] INFO  o.a.c.c.C.[Tomcat].[localhost].[/] - Initializing Spring embedded WebApplicationContext
13:16:23.546 [main] INFO  o.s.b.w.s.c.ServletWebServerApplicationContext - Root WebApplicationContext: initialization completed in 791 ms
13:16:23.574 [main] INFO  com.zaxxer.hikari.HikariDataSource - HikariPool-1 - Starting...
13:16:23.633 [main] INFO  com.zaxxer.hikari.HikariDataSource - HikariPool-1 - Start completed.
13:16:23.636 [main] INFO  o.s.b.a.h.H2ConsoleAutoConfiguration - H2 console available at '/h2-console'. Database available at 'jdbc:h2:mem:dayone'
13:16:23.724 [main] INFO  o.h.jpa.internal.util.LogHelper - HHH000204: Processing PersistenceUnitInfo [name: default]
13:16:23.744 [main] INFO  org.hibernate.Version - HHH000412: Hibernate ORM core version 5.4.32.Final
13:16:23.811 [main] INFO  o.h.annotations.common.Version - HCANN000001: Hibernate Commons Annotations {5.1.2.Final}
13:16:23.860 [main] INFO  org.hibernate.dialect.Dialect - HHH000400: Using dialect: org.hibernate.dialect.H2Dialect
13:16:24.149 [main] INFO  o.h.e.t.j.p.i.JtaPlatformInitiator - HHH000490: Using JtaPlatform implementation: [org.hibernate.engine.transaction.jta.platform.internal.NoJtaPlatform]
13:16:24.153 [main] INFO  o.s.o.j.LocalContainerEntityManagerFactoryBean - Initialized JPA EntityManagerFactory for persistence unit 'default'
13:16:24.447 [main] WARN  o.s.b.a.o.j.JpaBaseConfiguration$JpaWebConfiguration - spring.jpa.open-in-view is enabled by default. Therefore, database queries may be performed during view rendering. Explicitly configure spring.jpa.open-in-view to disable this warning
13:16:24.619 [main] INFO  o.s.s.web.DefaultSecurityFilterChain - Will secure Ant [pattern='/h2-console/**'] with []
13:16:24.638 [main] INFO  o.s.s.web.DefaultSecurityFilterChain - Will secure any request with [org.springframework.security.web.context.request.async.WebAsyncManagerIntegrationFilter@4351d055, org.springframework.security.web.context.SecurityContextPersistenceFilter@1e34840f, org.springframework.security.web.header.HeaderWriterFilter@29c76d75, org.springframework.security.web.authentication.logout.LogoutFilter@5bed0ff4, com.dayone.security.JwtAuthenticationFilter@7d4bdbd8, org.springframework.security.web.savedrequest.RequestCacheAwareFilter@52fed5b7, org.springframework.security.web.servletapi.SecurityContextHolderAwareRequestFilter@48301bfe, org.springframework.security.web.authentication.AnonymousAuthenticationFilter@25c06894, org.springframework.security.web.session.SessionManagementFilter@628aea61, org.springframework.security.web.access.ExceptionTranslationFilter@7c0035dd, org.springframework.security.web.access.intercept.FilterSecurityInterceptor@b272860]
13:16:24.893 [main] INFO  o.a.coyote.http11.Http11NioProtocol - Starting ProtocolHandler ["http-nio-8080"]
13:16:24.903 [main] INFO  o.s.b.w.e.tomcat.TomcatWebServer - Tomcat started on port(s): 8080 (http) with context path ''
13:16:24.912 [main] INFO  com.dayone.Application - Started Application in 2.466 seconds (JVM running for 2.936)
13:17:07.482 [http-nio-8080-exec-1] INFO  o.a.c.c.C.[Tomcat].[localhost].[/] - Initializing Spring DispatcherServlet 'dispatcherServlet'
13:17:07.483 [http-nio-8080-exec-1] INFO  o.s.web.servlet.DispatcherServlet - Initializing Servlet 'dispatcherServlet'
13:17:07.484 [http-nio-8080-exec-1] INFO  o.s.web.servlet.DispatcherServlet - Completed initialization in 0 ms
13:17:21.980 [http-nio-8080-exec-3] INFO  com.dayone.web.AuthController - user login -> grace
13:18:08.397 [http-nio-8080-exec-4] INFO  c.d.security.JwtAuthenticationFilter - [grace] -> /company
14:49:33.455 [SpringApplicationShutdownHook] INFO  o.s.o.j.LocalContainerEntityManagerFactoryBean - Closing JPA EntityManagerFactory for persistence unit 'default'
14:49:33.456 [SpringApplicationShutdownHook] INFO  com.zaxxer.hikari.HikariDataSource - HikariPool-1 - Shutdown initiated...
14:49:33.459 [SpringApplicationShutdownHook] INFO  com.zaxxer.hikari.HikariDataSource - HikariPool-1 - Shutdown completed.
16:59:22.654 [main] INFO  com.dayone.Application - Starting Application using Java 11.0.19 on DESKTOP-TPAOLKI with PID 11472 (C:\Users\Kim Munjin\Desktop\zerobase\Spring Framework Practice\dividend\build\classes\java\main started by Kim Munjin in C:\Users\Kim Munjin\Desktop\zerobase\Spring Framework Practice\dividend)
16:59:22.656 [main] INFO  com.dayone.Application - No active profile set, falling back to default profiles: default
16:59:23.158 [main] INFO  o.s.d.r.c.RepositoryConfigurationDelegate - Multiple Spring Data modules found, entering strict repository configuration mode!
16:59:23.158 [main] INFO  o.s.d.r.c.RepositoryConfigurationDelegate - Bootstrapping Spring Data JPA repositories in DEFAULT mode.
16:59:23.214 [main] INFO  o.s.d.r.c.RepositoryConfigurationDelegate - Finished Spring Data repository scanning in 50 ms. Found 3 JPA repository interfaces.
16:59:23.223 [main] INFO  o.s.d.r.c.RepositoryConfigurationDelegate - Multiple Spring Data modules found, entering strict repository configuration mode!
16:59:23.223 [main] INFO  o.s.d.r.c.RepositoryConfigurationDelegate - Bootstrapping Spring Data Redis repositories in DEFAULT mode.
16:59:23.233 [main] INFO  o.s.d.r.c.RepositoryConfigurationExtensionSupport - Spring Data Redis - Could not safely identify store assignment for repository candidate interface com.dayone.persist.CompanyRepository. If you want this repository to be a Redis repository, consider annotating your entities with one of these annotations: org.springframework.data.redis.core.RedisHash (preferred), or consider extending one of the following types with your repository: org.springframework.data.keyvalue.repository.KeyValueRepository.
16:59:23.234 [main] INFO  o.s.d.r.c.RepositoryConfigurationExtensionSupport - Spring Data Redis - Could not safely identify store assignment for repository candidate interface com.dayone.persist.DividendRepository. If you want this repository to be a Redis repository, consider annotating your entities with one of these annotations: org.springframework.data.redis.core.RedisHash (preferred), or consider extending one of the following types with your repository: org.springframework.data.keyvalue.repository.KeyValueRepository.
16:59:23.234 [main] INFO  o.s.d.r.c.RepositoryConfigurationExtensionSupport - Spring Data Redis - Could not safely identify store assignment for repository candidate interface com.dayone.persist.MemberRepository. If you want this repository to be a Redis repository, consider annotating your entities with one of these annotations: org.springframework.data.redis.core.RedisHash (preferred), or consider extending one of the following types with your repository: org.springframework.data.keyvalue.repository.KeyValueRepository.
16:59:23.235 [main] INFO  o.s.d.r.c.RepositoryConfigurationDelegate - Finished Spring Data repository scanning in 6 ms. Found 0 Redis repository interfaces.
16:59:23.434 [main] INFO  o.s.c.s.PostProcessorRegistrationDelegate$BeanPostProcessorChecker - Bean 'org.springframework.security.access.expression.method.DefaultMethodSecurityExpressionHandler@62d1dc3c' of type [org.springframework.security.access.expression.method.DefaultMethodSecurityExpressionHandler] is not eligible for getting processed by all BeanPostProcessors (for example: not eligible for auto-proxying)
16:59:23.440 [main] INFO  o.s.c.s.PostProcessorRegistrationDelegate$BeanPostProcessorChecker - Bean 'methodSecurityMetadataSource' of type [org.springframework.security.access.method.DelegatingMethodSecurityMetadataSource] is not eligible for getting processed by all BeanPostProcessors (for example: not eligible for auto-proxying)
16:59:23.644 [main] INFO  o.s.b.w.e.tomcat.TomcatWebServer - Tomcat initialized with port(s): 8080 (http)
16:59:23.654 [main] INFO  o.a.coyote.http11.Http11NioProtocol - Initializing ProtocolHandler ["http-nio-8080"]
16:59:23.654 [main] INFO  o.a.catalina.core.StandardService - Starting service [Tomcat]
16:59:23.655 [main] INFO  o.a.catalina.core.StandardEngine - Starting Servlet engine: [Apache Tomcat/9.0.54]
16:59:23.709 [main] INFO  o.a.c.c.C.[Tomcat].[localhost].[/] - Initializing Spring embedded WebApplicationContext
16:59:23.710 [main] INFO  o.s.b.w.s.c.ServletWebServerApplicationContext - Root WebApplicationContext: initialization completed in 1029 ms
16:59:23.731 [main] INFO  com.zaxxer.hikari.HikariDataSource - HikariPool-1 - Starting...
16:59:23.786 [main] INFO  com.zaxxer.hikari.HikariDataSource - HikariPool-1 - Start completed.
16:59:23.790 [main] INFO  o.s.b.a.h.H2ConsoleAutoConfiguration - H2 console available at '/h2-console'. Database available at 'jdbc:h2:mem:dayone'
16:59:23.921 [main] INFO  o.h.jpa.internal.util.LogHelper - HHH000204: Processing PersistenceUnitInfo [name: default]
16:59:23.961 [main] INFO  org.hibernate.Version - HHH000412: Hibernate ORM core version 5.4.32.Final
16:59:24.026 [main] INFO  o.h.annotations.common.Version - HCANN000001: Hibernate Commons Annotations {5.1.2.Final}
16:59:24.079 [main] INFO  org.hibernate.dialect.Dialect - HHH000400: Using dialect: org.hibernate.dialect.H2Dialect
16:59:24.433 [main] INFO  o.h.e.t.j.p.i.JtaPlatformInitiator - HHH000490: Using JtaPlatform implementation: [org.hibernate.engine.transaction.jta.platform.internal.NoJtaPlatform]
16:59:24.437 [main] INFO  o.s.o.j.LocalContainerEntityManagerFactoryBean - Initialized JPA EntityManagerFactory for persistence unit 'default'
16:59:24.754 [main] WARN  o.s.b.a.o.j.JpaBaseConfiguration$JpaWebConfiguration - spring.jpa.open-in-view is enabled by default. Therefore, database queries may be performed during view rendering. Explicitly configure spring.jpa.open-in-view to disable this warning
16:59:24.958 [main] INFO  o.s.s.web.DefaultSecurityFilterChain - Will secure Ant [pattern='/h2-console/**'] with []
16:59:24.982 [main] INFO  o.s.s.web.DefaultSecurityFilterChain - Will secure any request with [org.springframework.security.web.context.request.async.WebAsyncManagerIntegrationFilter@6bec566e, org.springframework.security.web.context.SecurityContextPersistenceFilter@5507584d, org.springframework.security.web.header.HeaderWriterFilter@19542115, org.springframework.security.web.authentication.logout.LogoutFilter@19d0d1ab, com.dayone.security.JwtAuthenticationFilter@36f40d72, org.springframework.security.web.savedrequest.RequestCacheAwareFilter@26c1f3eb, org.springframework.security.web.servletapi.SecurityContextHolderAwareRequestFilter@ecb8b3e, org.springframework.security.web.authentication.AnonymousAuthenticationFilter@47400608, org.springframework.security.web.session.SessionManagementFilter@74a991cf, org.springframework.security.web.access.ExceptionTranslationFilter@6792f2c6, org.springframework.security.web.access.intercept.FilterSecurityInterceptor@7ed5cc8c]
16:59:25.275 [main] INFO  o.a.coyote.http11.Http11NioProtocol - Starting ProtocolHandler ["http-nio-8080"]
16:59:25.286 [main] INFO  o.s.b.w.e.tomcat.TomcatWebServer - Tomcat started on port(s): 8080 (http) with context path ''
16:59:25.295 [main] INFO  com.dayone.Application - Started Application in 2.899 seconds (JVM running for 3.495)
17:01:03.254 [http-nio-8080-exec-1] INFO  o.a.c.c.C.[Tomcat].[localhost].[/] - Initializing Spring DispatcherServlet 'dispatcherServlet'
17:01:03.254 [http-nio-8080-exec-1] INFO  o.s.web.servlet.DispatcherServlet - Initializing Servlet 'dispatcherServlet'
17:01:03.255 [http-nio-8080-exec-1] INFO  o.s.web.servlet.DispatcherServlet - Completed initialization in 1 ms
17:01:07.400 [http-nio-8080-exec-3] INFO  com.dayone.web.AuthController - user login -> grace
17:01:31.611 [http-nio-8080-exec-4] INFO  c.d.security.JwtAuthenticationFilter - [grace] -> /company
17:02:00.349 [http-nio-8080-exec-5] INFO  c.d.security.JwtAuthenticationFilter - [grace] -> /company
17:02:29.651 [http-nio-8080-exec-7] INFO  c.d.security.JwtAuthenticationFilter - [grace] -> /finance/dividend/3M%20Company
17:02:30.214 [http-nio-8080-exec-7] INFO  com.dayone.service.FinanceService - search company -> 3M Company
17:07:51.938 [http-nio-8080-exec-10] INFO  c.d.security.JwtAuthenticationFilter - [grace] -> /company
17:08:06.523 [http-nio-8080-exec-2] INFO  c.d.security.JwtAuthenticationFilter - [grace] -> /finance/dividend/Apple%20Inc.
17:08:06.526 [http-nio-8080-exec-2] INFO  com.dayone.service.FinanceService - search company -> Apple Inc.
17:08:20.687 [http-nio-8080-exec-1] INFO  c.d.security.JwtAuthenticationFilter - [grace] -> /company
17:09:18.133 [http-nio-8080-exec-4] INFO  c.d.security.JwtAuthenticationFilter - [grace] -> /company/MMM
17:09:32.168 [http-nio-8080-exec-5] INFO  c.d.security.JwtAuthenticationFilter - [grace] -> /company/AAPL
17:09:41.863 [SpringApplicationShutdownHook] INFO  o.s.o.j.LocalContainerEntityManagerFactoryBean - Closing JPA EntityManagerFactory for persistence unit 'default'
17:09:41.866 [SpringApplicationShutdownHook] INFO  com.zaxxer.hikari.HikariDataSource - HikariPool-1 - Shutdown initiated...
17:09:41.869 [SpringApplicationShutdownHook] INFO  com.zaxxer.hikari.HikariDataSource - HikariPool-1 - Shutdown completed.
17:15:10.257 [main] INFO  com.dayone.Application - Starting Application using Java 11.0.19 on DESKTOP-TPAOLKI with PID 14148 (C:\Users\Kim Munjin\Desktop\zerobase\Spring Framework Practice\dividend\build\classes\java\main started by Kim Munjin in C:\Users\Kim Munjin\Desktop\zerobase\Spring Framework Practice\dividend)
17:15:10.258 [main] INFO  com.dayone.Application - No active profile set, falling back to default profiles: default
17:15:10.638 [main] INFO  o.s.d.r.c.RepositoryConfigurationDelegate - Multiple Spring Data modules found, entering strict repository configuration mode!
17:15:10.638 [main] INFO  o.s.d.r.c.RepositoryConfigurationDelegate - Bootstrapping Spring Data JPA repositories in DEFAULT mode.
17:15:10.682 [main] INFO  o.s.d.r.c.RepositoryConfigurationDelegate - Finished Spring Data repository scanning in 39 ms. Found 3 JPA repository interfaces.
17:15:10.690 [main] INFO  o.s.d.r.c.RepositoryConfigurationDelegate - Multiple Spring Data modules found, entering strict repository configuration mode!
17:15:10.690 [main] INFO  o.s.d.r.c.RepositoryConfigurationDelegate - Bootstrapping Spring Data Redis repositories in DEFAULT mode.
17:15:10.700 [main] INFO  o.s.d.r.c.RepositoryConfigurationExtensionSupport - Spring Data Redis - Could not safely identify store assignment for repository candidate interface com.dayone.persist.CompanyRepository. If you want this repository to be a Redis repository, consider annotating your entities with one of these annotations: org.springframework.data.redis.core.RedisHash (preferred), or consider extending one of the following types with your repository: org.springframework.data.keyvalue.repository.KeyValueRepository.
17:15:10.701 [main] INFO  o.s.d.r.c.RepositoryConfigurationExtensionSupport - Spring Data Redis - Could not safely identify store assignment for repository candidate interface com.dayone.persist.DividendRepository. If you want this repository to be a Redis repository, consider annotating your entities with one of these annotations: org.springframework.data.redis.core.RedisHash (preferred), or consider extending one of the following types with your repository: org.springframework.data.keyvalue.repository.KeyValueRepository.
17:15:10.702 [main] INFO  o.s.d.r.c.RepositoryConfigurationExtensionSupport - Spring Data Redis - Could not safely identify store assignment for repository candidate interface com.dayone.persist.MemberRepository. If you want this repository to be a Redis repository, consider annotating your entities with one of these annotations: org.springframework.data.redis.core.RedisHash (preferred), or consider extending one of the following types with your repository: org.springframework.data.keyvalue.repository.KeyValueRepository.
17:15:10.702 [main] INFO  o.s.d.r.c.RepositoryConfigurationDelegate - Finished Spring Data repository scanning in 7 ms. Found 0 Redis repository interfaces.
17:15:10.856 [main] INFO  o.s.c.s.PostProcessorRegistrationDelegate$BeanPostProcessorChecker - Bean 'org.springframework.security.access.expression.method.DefaultMethodSecurityExpressionHandler@4bcaa195' of type [org.springframework.security.access.expression.method.DefaultMethodSecurityExpressionHandler] is not eligible for getting processed by all BeanPostProcessors (for example: not eligible for auto-proxying)
17:15:10.859 [main] INFO  o.s.c.s.PostProcessorRegistrationDelegate$BeanPostProcessorChecker - Bean 'methodSecurityMetadataSource' of type [org.springframework.security.access.method.DelegatingMethodSecurityMetadataSource] is not eligible for getting processed by all BeanPostProcessors (for example: not eligible for auto-proxying)
17:15:11.013 [main] INFO  o.s.b.w.e.tomcat.TomcatWebServer - Tomcat initialized with port(s): 8080 (http)
17:15:11.018 [main] INFO  o.a.coyote.http11.Http11NioProtocol - Initializing ProtocolHandler ["http-nio-8080"]
17:15:11.018 [main] INFO  o.a.catalina.core.StandardService - Starting service [Tomcat]
17:15:11.018 [main] INFO  o.a.catalina.core.StandardEngine - Starting Servlet engine: [Apache Tomcat/9.0.54]
17:15:11.057 [main] INFO  o.a.c.c.C.[Tomcat].[localhost].[/] - Initializing Spring embedded WebApplicationContext
17:15:11.058 [main] INFO  o.s.b.w.s.c.ServletWebServerApplicationContext - Root WebApplicationContext: initialization completed in 776 ms
17:15:11.082 [main] INFO  com.zaxxer.hikari.HikariDataSource - HikariPool-1 - Starting...
17:15:11.147 [main] INFO  com.zaxxer.hikari.HikariDataSource - HikariPool-1 - Start completed.
17:15:11.150 [main] INFO  o.s.b.a.h.H2ConsoleAutoConfiguration - H2 console available at '/h2-console'. Database available at 'jdbc:h2:mem:dayone'
17:15:11.230 [main] INFO  o.h.jpa.internal.util.LogHelper - HHH000204: Processing PersistenceUnitInfo [name: default]
17:15:11.248 [main] INFO  org.hibernate.Version - HHH000412: Hibernate ORM core version 5.4.32.Final
17:15:11.311 [main] INFO  o.h.annotations.common.Version - HCANN000001: Hibernate Commons Annotations {5.1.2.Final}
17:15:11.359 [main] INFO  org.hibernate.dialect.Dialect - HHH000400: Using dialect: org.hibernate.dialect.H2Dialect
17:15:11.657 [main] INFO  o.h.e.t.j.p.i.JtaPlatformInitiator - HHH000490: Using JtaPlatform implementation: [org.hibernate.engine.transaction.jta.platform.internal.NoJtaPlatform]
17:15:11.662 [main] INFO  o.s.o.j.LocalContainerEntityManagerFactoryBean - Initialized JPA EntityManagerFactory for persistence unit 'default'
17:15:11.928 [main] WARN  o.s.b.a.o.j.JpaBaseConfiguration$JpaWebConfiguration - spring.jpa.open-in-view is enabled by default. Therefore, database queries may be performed during view rendering. Explicitly configure spring.jpa.open-in-view to disable this warning
17:15:12.095 [main] INFO  o.s.s.web.DefaultSecurityFilterChain - Will secure Ant [pattern='/h2-console/**'] with []
17:15:12.122 [main] INFO  o.s.s.web.DefaultSecurityFilterChain - Will secure any request with [org.springframework.security.web.context.request.async.WebAsyncManagerIntegrationFilter@7841c990, org.springframework.security.web.context.SecurityContextPersistenceFilter@3606eee9, org.springframework.security.web.header.HeaderWriterFilter@549404e7, org.springframework.security.web.authentication.logout.LogoutFilter@92de794, com.dayone.security.JwtAuthenticationFilter@36f40d72, org.springframework.security.web.savedrequest.RequestCacheAwareFilter@6792f2c6, org.springframework.security.web.servletapi.SecurityContextHolderAwareRequestFilter@7054c068, org.springframework.security.web.authentication.AnonymousAuthenticationFilter@1e75bef1, org.springframework.security.web.session.SessionManagementFilter@294a12b5, org.springframework.security.web.access.ExceptionTranslationFilter@52a2e2fb, org.springframework.security.web.access.intercept.FilterSecurityInterceptor@3c468360]
17:15:12.443 [main] INFO  o.a.coyote.http11.Http11NioProtocol - Starting ProtocolHandler ["http-nio-8080"]
17:15:12.453 [main] INFO  o.s.b.w.e.tomcat.TomcatWebServer - Tomcat started on port(s): 8080 (http) with context path ''
17:15:12.461 [main] INFO  com.dayone.Application - Started Application in 2.438 seconds (JVM running for 2.929)
17:15:28.223 [http-nio-8080-exec-2] INFO  o.a.c.c.C.[Tomcat].[localhost].[/] - Initializing Spring DispatcherServlet 'dispatcherServlet'
17:15:28.225 [http-nio-8080-exec-2] INFO  o.s.web.servlet.DispatcherServlet - Initializing Servlet 'dispatcherServlet'
17:15:28.226 [http-nio-8080-exec-2] INFO  o.s.web.servlet.DispatcherServlet - Completed initialization in 1 ms
17:15:28.504 [http-nio-8080-exec-2] INFO  com.dayone.web.AuthController - signup -> grace
17:15:49.607 [http-nio-8080-exec-3] INFO  com.dayone.web.AuthController - user login -> grace
17:16:20.003 [http-nio-8080-exec-4] INFO  c.d.security.JwtAuthenticationFilter - [grace] -> /company
17:16:23.222 [http-nio-8080-exec-4] INFO  com.dayone.web.CompanyController - add company -> 3M Company
17:16:35.561 [http-nio-8080-exec-5] INFO  c.d.security.JwtAuthenticationFilter - [grace] -> /company
17:16:37.874 [http-nio-8080-exec-5] INFO  com.dayone.web.CompanyController - add company -> Apple Inc.
17:18:26.994 [http-nio-8080-exec-8] INFO  c.d.security.JwtAuthenticationFilter - [grace] -> /finance/dividend/Apple%20Inc.
17:18:27.608 [http-nio-8080-exec-8] INFO  com.dayone.service.FinanceService - search company -> Apple Inc.
17:18:41.684 [http-nio-8080-exec-9] INFO  c.d.security.JwtAuthenticationFilter - [grace] -> /finance/dividend/3M%20Company
17:18:41.687 [http-nio-8080-exec-9] INFO  com.dayone.service.FinanceService - search company -> 3M Company
17:19:10.046 [http-nio-8080-exec-10] INFO  c.d.security.JwtAuthenticationFilter - [grace] -> /company/AAPL
17:19:10.087 [http-nio-8080-exec-10] INFO  com.dayone.web.CompanyController - delete company -> Apple Inc.
17:19:26.510 [http-nio-8080-exec-1] INFO  c.d.security.JwtAuthenticationFilter - [grace] -> /company/MMM
17:19:26.519 [http-nio-8080-exec-1] INFO  com.dayone.web.CompanyController - delete company -> 3M Company
17:19:58.745 [lettuce-eventExecutorLoop-1-1] INFO  i.l.core.protocol.ConnectionWatchdog - Reconnecting, last destination was localhost/127.0.0.1:6379
17:19:58.764 [lettuce-nioEventLoop-6-2] WARN  i.l.core.protocol.ConnectionWatchdog - Cannot reconnect to [localhost:6379]: Connection closed prematurely
io.lettuce.core.RedisConnectionException: Connection closed prematurely
	at io.lettuce.core.protocol.RedisHandshakeHandler.channelInactive(RedisHandshakeHandler.java:86)
	at io.netty.channel.AbstractChannelHandlerContext.invokeChannelInactive(AbstractChannelHandlerContext.java:262)
	at io.netty.channel.AbstractChannelHandlerContext.invokeChannelInactive(AbstractChannelHandlerContext.java:248)
	at io.netty.channel.AbstractChannelHandlerContext.fireChannelInactive(AbstractChannelHandlerContext.java:241)
	at io.netty.channel.ChannelInboundHandlerAdapter.channelInactive(ChannelInboundHandlerAdapter.java:81)
	at io.lettuce.core.ChannelGroupListener.channelInactive(ChannelGroupListener.java:69)
	at io.netty.channel.AbstractChannelHandlerContext.invokeChannelInactive(AbstractChannelHandlerContext.java:262)
	at io.netty.channel.AbstractChannelHandlerContext.invokeChannelInactive(AbstractChannelHandlerContext.java:248)
	at io.netty.channel.AbstractChannelHandlerContext.fireChannelInactive(AbstractChannelHandlerContext.java:241)
	at io.netty.channel.DefaultChannelPipeline$HeadContext.channelInactive(DefaultChannelPipeline.java:1405)
	at io.netty.channel.AbstractChannelHandlerContext.invokeChannelInactive(AbstractChannelHandlerContext.java:262)
	at io.netty.channel.AbstractChannelHandlerContext.invokeChannelInactive(AbstractChannelHandlerContext.java:248)
	at io.netty.channel.DefaultChannelPipeline.fireChannelInactive(DefaultChannelPipeline.java:901)
	at io.netty.channel.AbstractChannel$AbstractUnsafe$8.run(AbstractChannel.java:831)
	at io.netty.util.concurrent.AbstractEventExecutor.safeExecute(AbstractEventExecutor.java:164)
	at io.netty.util.concurrent.SingleThreadEventExecutor.runAllTasks(SingleThreadEventExecutor.java:469)
	at io.netty.channel.nio.NioEventLoop.run(NioEventLoop.java:497)
	at io.netty.util.concurrent.SingleThreadEventExecutor$4.run(SingleThreadEventExecutor.java:986)
	at io.netty.util.internal.ThreadExecutorMap$2.run(ThreadExecutorMap.java:74)
	at io.netty.util.concurrent.FastThreadLocalRunnable.run(FastThreadLocalRunnable.java:30)
	at java.base/java.lang.Thread.run(Thread.java:834)
17:20:07.833 [lettuce-eventExecutorLoop-1-1] INFO  i.l.core.protocol.ConnectionWatchdog - Reconnecting, last destination was localhost:6379
17:20:07.839 [lettuce-eventExecutorLoop-1-1] WARN  i.l.core.protocol.ConnectionWatchdog - Cannot reconnect to [localhost:6379]: Connection refused: no further information: localhost/127.0.0.1:6379
17:20:16.033 [lettuce-eventExecutorLoop-1-2] INFO  i.l.core.protocol.ConnectionWatchdog - Reconnecting, last destination was localhost:6379
17:20:16.039 [lettuce-eventExecutorLoop-1-2] WARN  i.l.core.protocol.ConnectionWatchdog - Cannot reconnect to [localhost:6379]: Connection refused: no further information: localhost/127.0.0.1:6379
17:20:32.442 [lettuce-eventExecutorLoop-1-3] INFO  i.l.core.protocol.ConnectionWatchdog - Reconnecting, last destination was localhost:6379
17:20:32.452 [lettuce-eventExecutorLoop-1-3] WARN  i.l.core.protocol.ConnectionWatchdog - Cannot reconnect to [localhost:6379]: Connection refused: no further information: localhost/127.0.0.1:6379
17:21:02.555 [lettuce-eventExecutorLoop-1-3] INFO  i.l.core.protocol.ConnectionWatchdog - Reconnecting, last destination was localhost:6379
17:21:02.557 [lettuce-eventExecutorLoop-1-3] WARN  i.l.core.protocol.ConnectionWatchdog - Cannot reconnect to [localhost:6379]: Connection refused: no further information: localhost/127.0.0.1:6379
17:21:14.630 [SpringApplicationShutdownHook] INFO  o.s.o.j.LocalContainerEntityManagerFactoryBean - Closing JPA EntityManagerFactory for persistence unit 'default'
17:21:14.633 [SpringApplicationShutdownHook] INFO  com.zaxxer.hikari.HikariDataSource - HikariPool-1 - Shutdown initiated...
17:21:14.639 [SpringApplicationShutdownHook] INFO  com.zaxxer.hikari.HikariDataSource - HikariPool-1 - Shutdown completed.
17:52:19.246 [main] INFO  com.dayone.Application - Starting Application using Java 11.0.19 on DESKTOP-TPAOLKI with PID 10996 (C:\Users\Kim Munjin\Desktop\zerobase\Spring Framework Practice\dividend\build\classes\java\main started by Kim Munjin in C:\Users\Kim Munjin\Desktop\zerobase\Spring Framework Practice\dividend)
17:52:19.248 [main] INFO  com.dayone.Application - No active profile set, falling back to default profiles: default
17:52:19.706 [main] INFO  o.s.d.r.c.RepositoryConfigurationDelegate - Multiple Spring Data modules found, entering strict repository configuration mode!
17:52:19.706 [main] INFO  o.s.d.r.c.RepositoryConfigurationDelegate - Bootstrapping Spring Data JPA repositories in DEFAULT mode.
17:52:19.752 [main] INFO  o.s.d.r.c.RepositoryConfigurationDelegate - Finished Spring Data repository scanning in 41 ms. Found 3 JPA repository interfaces.
17:52:19.761 [main] INFO  o.s.d.r.c.RepositoryConfigurationDelegate - Multiple Spring Data modules found, entering strict repository configuration mode!
17:52:19.762 [main] INFO  o.s.d.r.c.RepositoryConfigurationDelegate - Bootstrapping Spring Data Redis repositories in DEFAULT mode.
17:52:19.771 [main] INFO  o.s.d.r.c.RepositoryConfigurationExtensionSupport - Spring Data Redis - Could not safely identify store assignment for repository candidate interface com.dayone.persist.CompanyRepository. If you want this repository to be a Redis repository, consider annotating your entities with one of these annotations: org.springframework.data.redis.core.RedisHash (preferred), or consider extending one of the following types with your repository: org.springframework.data.keyvalue.repository.KeyValueRepository.
17:52:19.772 [main] INFO  o.s.d.r.c.RepositoryConfigurationExtensionSupport - Spring Data Redis - Could not safely identify store assignment for repository candidate interface com.dayone.persist.DividendRepository. If you want this repository to be a Redis repository, consider annotating your entities with one of these annotations: org.springframework.data.redis.core.RedisHash (preferred), or consider extending one of the following types with your repository: org.springframework.data.keyvalue.repository.KeyValueRepository.
17:52:19.772 [main] INFO  o.s.d.r.c.RepositoryConfigurationExtensionSupport - Spring Data Redis - Could not safely identify store assignment for repository candidate interface com.dayone.persist.MemberRepository. If you want this repository to be a Redis repository, consider annotating your entities with one of these annotations: org.springframework.data.redis.core.RedisHash (preferred), or consider extending one of the following types with your repository: org.springframework.data.keyvalue.repository.KeyValueRepository.
17:52:19.773 [main] INFO  o.s.d.r.c.RepositoryConfigurationDelegate - Finished Spring Data repository scanning in 5 ms. Found 0 Redis repository interfaces.
17:52:19.957 [main] INFO  o.s.c.s.PostProcessorRegistrationDelegate$BeanPostProcessorChecker - Bean 'org.springframework.security.access.expression.method.DefaultMethodSecurityExpressionHandler@1a47a1e8' of type [org.springframework.security.access.expression.method.DefaultMethodSecurityExpressionHandler] is not eligible for getting processed by all BeanPostProcessors (for example: not eligible for auto-proxying)
17:52:19.960 [main] INFO  o.s.c.s.PostProcessorRegistrationDelegate$BeanPostProcessorChecker - Bean 'methodSecurityMetadataSource' of type [org.springframework.security.access.method.DelegatingMethodSecurityMetadataSource] is not eligible for getting processed by all BeanPostProcessors (for example: not eligible for auto-proxying)
17:52:20.132 [main] INFO  o.s.b.w.e.tomcat.TomcatWebServer - Tomcat initialized with port(s): 8080 (http)
17:52:20.138 [main] INFO  o.a.coyote.http11.Http11NioProtocol - Initializing ProtocolHandler ["http-nio-8080"]
17:52:20.139 [main] INFO  o.a.catalina.core.StandardService - Starting service [Tomcat]
17:52:20.139 [main] INFO  o.a.catalina.core.StandardEngine - Starting Servlet engine: [Apache Tomcat/9.0.54]
17:52:20.203 [main] INFO  o.a.c.c.C.[Tomcat].[localhost].[/] - Initializing Spring embedded WebApplicationContext
17:52:20.203 [main] INFO  o.s.b.w.s.c.ServletWebServerApplicationContext - Root WebApplicationContext: initialization completed in 927 ms
17:52:20.228 [main] INFO  com.zaxxer.hikari.HikariDataSource - HikariPool-1 - Starting...
17:52:20.279 [main] INFO  com.zaxxer.hikari.HikariDataSource - HikariPool-1 - Start completed.
17:52:20.283 [main] INFO  o.s.b.a.h.H2ConsoleAutoConfiguration - H2 console available at '/h2-console'. Database available at 'jdbc:h2:mem:dayone'
17:52:20.367 [main] INFO  o.h.jpa.internal.util.LogHelper - HHH000204: Processing PersistenceUnitInfo [name: default]
17:52:20.387 [main] INFO  org.hibernate.Version - HHH000412: Hibernate ORM core version 5.4.32.Final
17:52:20.455 [main] INFO  o.h.annotations.common.Version - HCANN000001: Hibernate Commons Annotations {5.1.2.Final}
17:52:20.510 [main] INFO  org.hibernate.dialect.Dialect - HHH000400: Using dialect: org.hibernate.dialect.H2Dialect
17:52:20.794 [main] INFO  o.h.e.t.j.p.i.JtaPlatformInitiator - HHH000490: Using JtaPlatform implementation: [org.hibernate.engine.transaction.jta.platform.internal.NoJtaPlatform]
17:52:20.799 [main] INFO  o.s.o.j.LocalContainerEntityManagerFactoryBean - Initialized JPA EntityManagerFactory for persistence unit 'default'
17:52:21.089 [main] WARN  o.s.b.a.o.j.JpaBaseConfiguration$JpaWebConfiguration - spring.jpa.open-in-view is enabled by default. Therefore, database queries may be performed during view rendering. Explicitly configure spring.jpa.open-in-view to disable this warning
17:52:21.284 [main] INFO  o.s.s.web.DefaultSecurityFilterChain - Will secure Ant [pattern='/h2-console/**'] with []
17:52:21.307 [main] INFO  o.s.s.web.DefaultSecurityFilterChain - Will secure any request with [org.springframework.security.web.context.request.async.WebAsyncManagerIntegrationFilter@317fa5dd, org.springframework.security.web.context.SecurityContextPersistenceFilter@477e5b69, org.springframework.security.web.header.HeaderWriterFilter@6792f2c6, org.springframework.security.web.authentication.logout.LogoutFilter@40239b34, com.dayone.security.JwtAuthenticationFilter@2c557eee, org.springframework.security.web.savedrequest.RequestCacheAwareFilter@74a991cf, org.springframework.security.web.servletapi.SecurityContextHolderAwareRequestFilter@79f3f34c, org.springframework.security.web.authentication.AnonymousAuthenticationFilter@477906cf, org.springframework.security.web.session.SessionManagementFilter@37f7ce20, org.springframework.security.web.access.ExceptionTranslationFilter@294a12b5, org.springframework.security.web.access.intercept.FilterSecurityInterceptor@36ce0bc2]
17:52:21.591 [main] INFO  o.a.coyote.http11.Http11NioProtocol - Starting ProtocolHandler ["http-nio-8080"]
17:52:21.604 [main] INFO  o.s.b.w.e.tomcat.TomcatWebServer - Tomcat started on port(s): 8080 (http) with context path ''
17:52:21.615 [main] INFO  com.dayone.Application - Started Application in 2.659 seconds (JVM running for 3.159)
17:52:33.069 [http-nio-8080-exec-1] INFO  o.a.c.c.C.[Tomcat].[localhost].[/] - Initializing Spring DispatcherServlet 'dispatcherServlet'
17:52:33.071 [http-nio-8080-exec-1] INFO  o.s.web.servlet.DispatcherServlet - Initializing Servlet 'dispatcherServlet'
17:52:33.072 [http-nio-8080-exec-1] INFO  o.s.web.servlet.DispatcherServlet - Completed initialization in 1 ms
17:52:33.350 [http-nio-8080-exec-1] INFO  com.dayone.web.AuthController - signup -> grace
17:52:38.170 [http-nio-8080-exec-3] INFO  com.dayone.web.AuthController - user login -> grace
17:53:30.294 [http-nio-8080-exec-4] INFO  c.d.security.JwtAuthenticationFilter - [grace] -> /company
17:53:33.363 [http-nio-8080-exec-4] INFO  com.dayone.web.CompanyController - add company -> Coca-Cola Consolidated, Inc.
17:53:38.664 [http-nio-8080-exec-5] INFO  c.d.security.JwtAuthenticationFilter - [grace] -> /company
17:53:41.073 [http-nio-8080-exec-5] INFO  com.dayone.web.CompanyController - add company -> 3M Company
17:53:46.169 [http-nio-8080-exec-6] INFO  c.d.security.JwtAuthenticationFilter - [grace] -> /company
17:53:48.542 [http-nio-8080-exec-6] INFO  com.dayone.web.CompanyController - add company -> Apple Inc.
17:54:46.662 [http-nio-8080-exec-7] INFO  c.d.security.JwtAuthenticationFilter - [grace] -> /company
17:58:14.031 [SpringApplicationShutdownHook] INFO  o.s.o.j.LocalContainerEntityManagerFactoryBean - Closing JPA EntityManagerFactory for persistence unit 'default'
17:58:14.035 [SpringApplicationShutdownHook] INFO  com.zaxxer.hikari.HikariDataSource - HikariPool-1 - Shutdown initiated...
17:58:14.042 [SpringApplicationShutdownHook] INFO  com.zaxxer.hikari.HikariDataSource - HikariPool-1 - Shutdown completed.
